e:\c++ learning code\oj_practice_datastruct\oj_practice_datastruct\x64\debug\vc143.pdb
e:\c++ learning code\oj_practice_datastruct\oj_practice_datastruct\x64\debug\vc143.idb
e:\c++ learning code\oj_practice_datastruct\oj_practice_datastruct\x64\debug\2_栈_顺序栈.obj
e:\c++ learning code\oj_practice_datastruct\oj_practice_datastruct\x64\debug\2_栈_括号匹配.obj
e:\c++ learning code\oj_practice_datastruct\oj_practice_datastruct\x64\debug\1_线性表_顺序表.obj
e:\c++ learning code\oj_practice_datastruct\oj_practice_datastruct\x64\debug\3_队列_顺序队列.obj
e:\c++ learning code\oj_practice_datastruct\oj_practice_datastruct\x64\debug\4_串_定长顺序存储.obj
e:\c++ learning code\oj_practice_datastruct\oj_practice_datastruct\x64\debug\5_矩阵_自定义矩阵（一维、二维）.obj
e:\c++ learning code\oj_practice_datastruct\oj_practice_datastruct\x64\debug\5_矩阵_矩阵的压缩存储_对角矩阵.obj
e:\c++ learning code\oj_practice_datastruct\oj_practice_datastruct\x64\debug\5_矩阵_矩阵的压缩存储_对称矩阵.obj
e:\c++ learning code\oj_practice_datastruct\oj_practice_datastruct\x64\debug\5_矩阵_矩阵的压缩存储_三角矩阵.obj
e:\c++ learning code\oj_practice_datastruct\oj_practice_datastruct\x64\debug\5_矩阵_矩阵的压缩存储_三对角矩阵.obj
e:\c++ learning code\oj_practice_datastruct\oj_practice_datastruct\x64\debug\4_串_bm模式匹配（下标构造）.obj
e:\c++ learning code\oj_practice_datastruct\oj_practice_datastruct\x64\debug\6_树_二叉树的遍历_先中后层序遍历.obj
e:\c++ learning code\oj_practice_datastruct\oj_practice_datastruct\x64\debug\6_树_线索二叉树_后序线索二叉树.obj
e:\c++ learning code\oj_practice_datastruct\oj_practice_datastruct\x64\debug\7_图_图的存储与基本操作_邻接矩阵法.obj
e:\c++ learning code\oj_practice_datastruct\oj_practice_datastruct\x64\debug\8_查找_顺序查找和折半查找_顺序查找.obj
e:\c++ learning code\oj_practice_datastruct\oj_practice_datastruct\x64\debug\8_查找_顺序查找和折半查找_折半查找.obj
e:\c++ learning code\oj_practice_datastruct\oj_practice_datastruct\x64\debug\8_查找_顺序查找和折半查找_分块查找.obj
e:\c++ learning code\oj_practice_datastruct\oj_practice_datastruct\x64\debug\7_图_相关算法_hierholzer算法判断欧拉图.obj
e:\c++ learning code\oj_practice_datastruct\oj_practice_datastruct\x64\debug\7_图_相关算法_fleury算法判断欧拉图.obj
e:\c++ learning code\oj_practice_datastruct\oj_practice_datastruct\x64\debug\6_散列_最大间隔.obj
e:\c++ learning code\oj_practice_datastruct\oj_practice_datastruct\x64\debug\6_树_搜索树_rbtree.obj
e:\c++ learning code\oj_practice_datastruct\oj_practice_datastruct\x64\debug\是否短路.obj
e:\c++ learning code\oj_practice_datastruct\oj_practice_datastruct\x64\debug\散列表的应用.obj
e:\c++ learning code\oj_practice_datastruct\oj_practice_datastruct\x64\debug\完全二叉树的先序遍历.obj
e:\c++ learning code\oj_practice_datastruct\oj_practice_datastruct\x64\debug\6_树_二叉树的遍历_先中后层序遍历(非递归).obj
e:\c++ learning code\oj_practice_datastruct\x64\debug\oj_practice_datastruct.lib
e:\c++ learning code\oj_practice_datastruct\x64\debug\oj_practice_datastruct.exp
e:\c++ learning code\oj_practice_datastruct\x64\debug\oj_practice_datastruct.exe
e:\c++ learning code\oj_practice_datastruct\oj_practice_datastruct\x64\debug\oj_practice_datastruct.ilk
e:\c++ learning code\oj_practice_datastruct\x64\debug\oj_practice_datastruct.pdb
e:\c++ learning code\oj_practice_datastruct\oj_practice_datastruct\x64\debug\01_线性表_箱子排序.obj
e:\c++ learning code\oj_practice_datastruct\oj_practice_datastruct\x64\debug\03_队列_二元一次多项式求幂.obj
e:\c++ learning code\oj_practice_datastruct\oj_practice_datastruct\x64\debug\1_线性表_单链表.obj
e:\c++ learning code\oj_practice_datastruct\oj_practice_datastruct\x64\debug\1_线性表_双链表.obj
e:\c++ learning code\oj_practice_datastruct\oj_practice_datastruct\x64\debug\1_线性表_基数排序.obj
e:\c++ learning code\oj_practice_datastruct\oj_practice_datastruct\x64\debug\1_线性表_循环链表.obj
e:\c++ learning code\oj_practice_datastruct\oj_practice_datastruct\x64\debug\1_线性表_有序线性表合并.obj
e:\c++ learning code\oj_practice_datastruct\oj_practice_datastruct\x64\debug\1_线性表_约瑟夫环.obj
e:\c++ learning code\oj_practice_datastruct\oj_practice_datastruct\x64\debug\2_栈_linux路径.obj
e:\c++ learning code\oj_practice_datastruct\oj_practice_datastruct\x64\debug\2_栈_互斥字符串.obj
e:\c++ learning code\oj_practice_datastruct\oj_practice_datastruct\x64\debug\2_栈_前中后缀表达式.obj
e:\c++ learning code\oj_practice_datastruct\oj_practice_datastruct\x64\debug\2_栈_火车重排.obj
e:\c++ learning code\oj_practice_datastruct\oj_practice_datastruct\x64\debug\2_栈_表达式求值.obj
e:\c++ learning code\oj_practice_datastruct\oj_practice_datastruct\x64\debug\2_栈_表达式求值（重开版）.obj
e:\c++ learning code\oj_practice_datastruct\oj_practice_datastruct\x64\debug\2_栈_进制转换.obj
e:\c++ learning code\oj_practice_datastruct\oj_practice_datastruct\x64\debug\2_栈_重排问题.obj
e:\c++ learning code\oj_practice_datastruct\oj_practice_datastruct\x64\debug\2_栈_链栈.obj
e:\c++ learning code\oj_practice_datastruct\oj_practice_datastruct\x64\debug\3_队列_n皇后.obj
e:\c++ learning code\oj_practice_datastruct\oj_practice_datastruct\x64\debug\3_队列_二元一次多项式求幂(杨辉三角).cpp.obj
e:\c++ learning code\oj_practice_datastruct\oj_practice_datastruct\x64\debug\3_队列_二元一次多项式求幂(杨辉三角).obj
e:\c++ learning code\oj_practice_datastruct\oj_practice_datastruct\x64\debug\3_队列_二元一次多项式求幂.obj
e:\c++ learning code\oj_practice_datastruct\oj_practice_datastruct\x64\debug\3_队列_二元一次多项式求幂（大整数）.obj
e:\c++ learning code\oj_practice_datastruct\oj_practice_datastruct\x64\debug\3_队列_循环队列.obj
e:\c++ learning code\oj_practice_datastruct\oj_practice_datastruct\x64\debug\3_队列_杨辉三角.obj
e:\c++ learning code\oj_practice_datastruct\oj_practice_datastruct\x64\debug\3_队列_火车重排.obj
e:\c++ learning code\oj_practice_datastruct\oj_practice_datastruct\x64\debug\3_队列_链队列.obj
e:\c++ learning code\oj_practice_datastruct\oj_practice_datastruct\x64\debug\4_串.obj
e:\c++ learning code\oj_practice_datastruct\oj_practice_datastruct\x64\debug\4_串_bc模式匹配.obj
e:\c++ learning code\oj_practice_datastruct\oj_practice_datastruct\x64\debug\4_串_bf模式匹配.obj
e:\c++ learning code\oj_practice_datastruct\oj_practice_datastruct\x64\debug\4_串_bm模式匹配.obj
e:\c++ learning code\oj_practice_datastruct\oj_practice_datastruct\x64\debug\4_串_kmp模式匹配.obj
e:\c++ learning code\oj_practice_datastruct\oj_practice_datastruct\x64\debug\4_串_kmp算法和bm算法性能的比较.obj
e:\c++ learning code\oj_practice_datastruct\oj_practice_datastruct\x64\debug\4_串_块链存储.obj
e:\c++ learning code\oj_practice_datastruct\oj_practice_datastruct\x64\debug\4_串_堆分配存储.obj
e:\c++ learning code\oj_practice_datastruct\oj_practice_datastruct\x64\debug\4_串_字符串应用-实现kmp匹配算法.obj
e:\c++ learning code\oj_practice_datastruct\oj_practice_datastruct\x64\debug\4_串_根据next数组推导模式字符串.obj
e:\c++ learning code\oj_practice_datastruct\oj_practice_datastruct\x64\debug\512-bt.obj
e:\c++ learning code\oj_practice_datastruct\oj_practice_datastruct\x64\debug\5_矩阵_三元组表示的稀疏矩阵的乘法运算.obj
e:\c++ learning code\oj_practice_datastruct\oj_practice_datastruct\x64\debug\5_矩阵_奇偶矩阵.obj
e:\c++ learning code\oj_practice_datastruct\oj_practice_datastruct\x64\debug\5_矩阵_旋转的矩阵.obj
e:\c++ learning code\oj_practice_datastruct\oj_practice_datastruct\x64\debug\5_矩阵_矩阵的压缩存储_稀疏矩阵.obj
e:\c++ learning code\oj_practice_datastruct\oj_practice_datastruct\x64\debug\6_树_二叉树_链式存储.obj
e:\c++ learning code\oj_practice_datastruct\oj_practice_datastruct\x64\debug\6_树_二叉树_顺序存储.obj
e:\c++ learning code\oj_practice_datastruct\oj_practice_datastruct\x64\debug\6_树_二叉树的应用_哈夫曼树和哈夫曼编码.obj
e:\c++ learning code\oj_practice_datastruct\oj_practice_datastruct\x64\debug\6_树_二叉树的遍历_中序遍历.obj
e:\c++ learning code\oj_practice_datastruct\oj_practice_datastruct\x64\debug\6_树_二叉树的遍历_先序遍历.obj
e:\c++ learning code\oj_practice_datastruct\oj_practice_datastruct\x64\debug\6_树_二叉树的遍历_后序遍历.obj
e:\c++ learning code\oj_practice_datastruct\oj_practice_datastruct\x64\debug\6_树_二叉树的遍历_层序遍历.obj
e:\c++ learning code\oj_practice_datastruct\oj_practice_datastruct\x64\debug\6_树_二叉树线索化_中序线索二叉树.obj
e:\c++ learning code\oj_practice_datastruct\oj_practice_datastruct\x64\debug\6_树_二叉树线索化_中序遍历.obj
e:\c++ learning code\oj_practice_datastruct\oj_practice_datastruct\x64\debug\6_树_二叉树线索化_先序线索二叉树.obj
e:\c++ learning code\oj_practice_datastruct\oj_practice_datastruct\x64\debug\6_树_二叉树线索化_先序遍历.obj
e:\c++ learning code\oj_practice_datastruct\oj_practice_datastruct\x64\debug\6_树_二叉树线索化_后序线索二叉树.obj
e:\c++ learning code\oj_practice_datastruct\oj_practice_datastruct\x64\debug\6_树_二叉树线索化_后序遍历.obj
e:\c++ learning code\oj_practice_datastruct\oj_practice_datastruct\x64\debug\6_树_搜索树_avltree(非递归).obj
e:\c++ learning code\oj_practice_datastruct\oj_practice_datastruct\x64\debug\6_树_搜索树_avltree.obj
e:\c++ learning code\oj_practice_datastruct\oj_practice_datastruct\x64\debug\6_树_搜索树_b树、b+树.obj
e:\c++ learning code\oj_practice_datastruct\oj_practice_datastruct\x64\debug\6_树_搜索树_二叉搜索树.obj
e:\c++ learning code\oj_practice_datastruct\oj_practice_datastruct\x64\debug\6_树_树、森林与二叉树的转换.obj
e:\c++ learning code\oj_practice_datastruct\oj_practice_datastruct\x64\debug\6_树_树和森林的遍历.obj
e:\c++ learning code\oj_practice_datastruct\oj_practice_datastruct\x64\debug\6_树_树的存储结构_双亲表示法.obj
e:\c++ learning code\oj_practice_datastruct\oj_practice_datastruct\x64\debug\6_树_树的存储结构_孩子兄弟表示法.obj
e:\c++ learning code\oj_practice_datastruct\oj_practice_datastruct\x64\debug\6_树_树的存储结构_孩子表示法.obj
e:\c++ learning code\oj_practice_datastruct\oj_practice_datastruct\x64\debug\6_树_线索二叉树的遍历_中序遍历.obj
e:\c++ learning code\oj_practice_datastruct\oj_practice_datastruct\x64\debug\6_树_线索二叉树的遍历_先序遍历.obj
e:\c++ learning code\oj_practice_datastruct\oj_practice_datastruct\x64\debug\6_树_线索二叉树的遍历_后序遍历.obj
e:\c++ learning code\oj_practice_datastruct\oj_practice_datastruct\x64\debug\7_图_图的存储与基本操作_邻接表法.obj
e:\c++ learning code\oj_practice_datastruct\oj_practice_datastruct\x64\debug\7_图_图的遍历_bfs算法求解单源最短路径.obj
e:\c++ learning code\oj_practice_datastruct\oj_practice_datastruct\x64\debug\7_图_图的遍历_广度优先遍历_.obj
e:\c++ learning code\oj_practice_datastruct\oj_practice_datastruct\x64\debug\7_图_图的遍历_深度优先遍历.obj
e:\c++ learning code\oj_practice_datastruct\oj_practice_datastruct\x64\debug\7_图_最短路径_dijkstra算法求解单源最短路径.obj
e:\c++ learning code\oj_practice_datastruct\oj_practice_datastruct\x64\debug\7_图_最短路径_floyd算法求解各顶点之间最短路径.obj
e:\c++ learning code\oj_practice_datastruct\oj_practice_datastruct\x64\debug\7_图_相关算法_kruskal算法求最小生成树.obj
e:\c++ learning code\oj_practice_datastruct\oj_practice_datastruct\x64\debug\7_图_相关算法_prim算法求最小生成树.obj
e:\c++ learning code\oj_practice_datastruct\oj_practice_datastruct\x64\debug\7_图_相关算法_关键路径.obj
e:\c++ learning code\oj_practice_datastruct\oj_practice_datastruct\x64\debug\7_树_二叉树遍历及二叉树高度.obj
e:\c++ learning code\oj_practice_datastruct\oj_practice_datastruct\x64\debug\7_树_判断是否为堆-堆整理.obj
e:\c++ learning code\oj_practice_datastruct\oj_practice_datastruct\x64\debug\7_树_哈夫曼树a.obj
e:\c++ learning code\oj_practice_datastruct\oj_practice_datastruct\x64\debug\7_树_完全二叉树的先序遍历.obj
e:\c++ learning code\oj_practice_datastruct\oj_practice_datastruct\x64\debug\9_排序_交换排序_冒泡排序.obj
e:\c++ learning code\oj_practice_datastruct\oj_practice_datastruct\x64\debug\9_排序_交换排序_快速排序.obj
e:\c++ learning code\oj_practice_datastruct\oj_practice_datastruct\x64\debug\9_排序_基数排序_基数排序.obj
e:\c++ learning code\oj_practice_datastruct\oj_practice_datastruct\x64\debug\9_排序_归并排序_归并排序.obj
e:\c++ learning code\oj_practice_datastruct\oj_practice_datastruct\x64\debug\9_排序_插入排序_希尔排序.obj
e:\c++ learning code\oj_practice_datastruct\oj_practice_datastruct\x64\debug\9_排序_插入排序_折半插入排序.obj
e:\c++ learning code\oj_practice_datastruct\oj_practice_datastruct\x64\debug\9_排序_插入排序_直接插入排序.obj
e:\c++ learning code\oj_practice_datastruct\oj_practice_datastruct\x64\debug\9_排序_选择排序_堆排序.obj
e:\c++ learning code\oj_practice_datastruct\oj_practice_datastruct\x64\debug\9_排序_选择排序_简单选择排序.obj
e:\c++ learning code\oj_practice_datastruct\oj_practice_datastruct\x64\debug\avl.obj
e:\c++ learning code\oj_practice_datastruct\oj_practice_datastruct\x64\debug\bst.obj
e:\c++ learning code\oj_practice_datastruct\oj_practice_datastruct\x64\debug\b树（示例）.obj
e:\c++ learning code\oj_practice_datastruct\oj_practice_datastruct\x64\debug\dfs判断是否有回路.obj
e:\c++ learning code\oj_practice_datastruct\oj_practice_datastruct\x64\debug\dijkstra单源最短路径.obj
e:\c++ learning code\oj_practice_datastruct\oj_practice_datastruct\x64\debug\ds-判断排序方法.obj
e:\c++ learning code\oj_practice_datastruct\oj_practice_datastruct\x64\debug\ds-基数排序.obj
e:\c++ learning code\oj_practice_datastruct\oj_practice_datastruct\x64\debug\ds-多源最短路径.obj
e:\c++ learning code\oj_practice_datastruct\oj_practice_datastruct\x64\debug\ds-工程最短消耗.obj
e:\c++ learning code\oj_practice_datastruct\oj_practice_datastruct\x64\debug\ds-希尔排序的间隔.obj
e:\c++ learning code\oj_practice_datastruct\oj_practice_datastruct\x64\debug\ds-快速排序算法.obj
e:\c++ learning code\oj_practice_datastruct\oj_practice_datastruct\x64\debug\lca算法.obj
e:\c++ learning code\oj_practice_datastruct\oj_practice_datastruct\x64\debug\rbt.obj
e:\c++ learning code\oj_practice_datastruct\oj_practice_datastruct\x64\debug\test.obj
e:\c++ learning code\oj_practice_datastruct\oj_practice_datastruct\x64\debug\二元一次多项式求幂.obj
e:\c++ learning code\oj_practice_datastruct\oj_practice_datastruct\x64\debug\二叉搜索树.obj
e:\c++ learning code\oj_practice_datastruct\oj_practice_datastruct\x64\debug\二叉树遍历及二叉树高度.obj
e:\c++ learning code\oj_practice_datastruct\oj_practice_datastruct\x64\debug\创建avl树并判断是否为完全二叉树.obj
e:\c++ learning code\oj_practice_datastruct\oj_practice_datastruct\x64\debug\创建rb树.obj
e:\c++ learning code\oj_practice_datastruct\oj_practice_datastruct\x64\debug\判断是否为树.obj
e:\c++ learning code\oj_practice_datastruct\oj_practice_datastruct\x64\debug\判断栈混洗.obj
e:\c++ learning code\oj_practice_datastruct\oj_practice_datastruct\x64\debug\哈夫曼树.obj
e:\c++ learning code\oj_practice_datastruct\oj_practice_datastruct\x64\debug\四种树的性能比较.obj
e:\c++ learning code\oj_practice_datastruct\oj_practice_datastruct\x64\debug\堆中的路径问题.obj
e:\c++ learning code\oj_practice_datastruct\oj_practice_datastruct\x64\debug\字符串匹配.obj
e:\c++ learning code\oj_practice_datastruct\oj_practice_datastruct\x64\debug\字符串匹配（动态规划）.obj
e:\c++ learning code\oj_practice_datastruct\oj_practice_datastruct\x64\debug\字符串应用-实现kmp匹配算法.obj
e:\c++ learning code\oj_practice_datastruct\oj_practice_datastruct\x64\debug\并查集判断是否有回路.obj
e:\c++ learning code\oj_practice_datastruct\oj_practice_datastruct\x64\debug\拓扑排序判断是否有回路.obj
e:\c++ learning code\oj_practice_datastruct\oj_practice_datastruct\x64\debug\村庄是否联通.obj
e:\c++ learning code\oj_practice_datastruct\oj_practice_datastruct\x64\debug\根据next数组推导模式字符串.obj
e:\c++ learning code\oj_practice_datastruct\oj_practice_datastruct\x64\debug\求整数最大间隔-性能.obj
e:\c++ learning code\oj_practice_datastruct\oj_practice_datastruct\x64\debug\求整数最大间隔.obj
e:\c++ learning code\oj_practice_datastruct\oj_practice_datastruct\x64\debug\消除连通图多余的边.obj
e:\c++ learning code\oj_practice_datastruct\oj_practice_datastruct\x64\debug\源.obj
e:\c++ learning code\oj_practice_datastruct\oj_practice_datastruct\x64\debug\由先序求中序.obj
e:\c++ learning code\oj_practice_datastruct\oj_practice_datastruct\x64\debug\符号配对.obj
e:\c++ learning code\oj_practice_datastruct\oj_practice_datastruct\x64\debug\表达式求值.obj
e:\c++ learning code\oj_practice_datastruct\oj_practice_datastruct\x64\debug\进制转换.obj
e:\c++ learning code\oj_practice_datastruct\oj_practice_datastruct\x64\debug\03_队列_二元一次多项式求幂.obj.enc
e:\c++ learning code\oj_practice_datastruct\oj_practice_datastruct\x64\debug\1_线性表_单链表.obj.enc
e:\c++ learning code\oj_practice_datastruct\oj_practice_datastruct\x64\debug\1_线性表_双链表.obj.enc
e:\c++ learning code\oj_practice_datastruct\oj_practice_datastruct\x64\debug\1_线性表_基数排序.obj.enc
e:\c++ learning code\oj_practice_datastruct\oj_practice_datastruct\x64\debug\1_线性表_循环链表.obj.enc
e:\c++ learning code\oj_practice_datastruct\oj_practice_datastruct\x64\debug\1_线性表_约瑟夫环.obj.enc
e:\c++ learning code\oj_practice_datastruct\oj_practice_datastruct\x64\debug\2_栈_互斥字符串.obj.enc
e:\c++ learning code\oj_practice_datastruct\oj_practice_datastruct\x64\debug\2_栈_表达式求值.obj.enc
e:\c++ learning code\oj_practice_datastruct\oj_practice_datastruct\x64\debug\2_栈_表达式求值（重开版）.obj.enc
e:\c++ learning code\oj_practice_datastruct\oj_practice_datastruct\x64\debug\3_队列_二元一次多项式求幂（大整数）.obj.enc
e:\c++ learning code\oj_practice_datastruct\oj_practice_datastruct\x64\debug\4_串_kmp模式匹配.obj.enc
e:\c++ learning code\oj_practice_datastruct\oj_practice_datastruct\x64\debug\4_串_kmp算法和bm算法性能的比较.obj.enc
e:\c++ learning code\oj_practice_datastruct\oj_practice_datastruct\x64\debug\4_串_字符串应用-实现kmp匹配算法.obj.enc
e:\c++ learning code\oj_practice_datastruct\oj_practice_datastruct\x64\debug\4_串_根据next数组推导模式字符串.obj.enc
e:\c++ learning code\oj_practice_datastruct\oj_practice_datastruct\x64\debug\5_矩阵_矩阵的压缩存储_稀疏矩阵.obj.enc
e:\c++ learning code\oj_practice_datastruct\oj_practice_datastruct\x64\debug\6_树_二叉树的应用_哈夫曼树和哈夫曼编码.new.obj.enc
e:\c++ learning code\oj_practice_datastruct\oj_practice_datastruct\x64\debug\6_树_二叉树的遍历_先中后层序遍历(非递归).obj.enc
e:\c++ learning code\oj_practice_datastruct\oj_practice_datastruct\x64\debug\6_树_搜索树_b树、b+树.obj.enc
e:\c++ learning code\oj_practice_datastruct\oj_practice_datastruct\x64\debug\7_图_图的遍历_广度优先遍历_.obj.enc
e:\c++ learning code\oj_practice_datastruct\oj_practice_datastruct\x64\debug\7_图_最短路径_dijkstra算法求解单源最短路径.obj.enc
e:\c++ learning code\oj_practice_datastruct\oj_practice_datastruct\x64\debug\7_图_相关算法_kruskal算法求最小生成树.obj.enc
e:\c++ learning code\oj_practice_datastruct\oj_practice_datastruct\x64\debug\7_树_判断是否为堆-堆整理.obj.enc
e:\c++ learning code\oj_practice_datastruct\oj_practice_datastruct\x64\debug\7_树_完全二叉树的先序遍历.obj.enc
e:\c++ learning code\oj_practice_datastruct\oj_practice_datastruct\x64\debug\9_排序_选择排序_堆排序.obj.enc
e:\c++ learning code\oj_practice_datastruct\oj_practice_datastruct\x64\debug\dfs判断是否有回路.obj.enc
e:\c++ learning code\oj_practice_datastruct\oj_practice_datastruct\x64\debug\ds-基数排序.obj.enc
e:\c++ learning code\oj_practice_datastruct\oj_practice_datastruct\x64\debug\ds-快速排序算法.obj.enc
e:\c++ learning code\oj_practice_datastruct\oj_practice_datastruct\x64\debug\lca算法.obj.enc
e:\c++ learning code\oj_practice_datastruct\oj_practice_datastruct\x64\debug\test.obj.enc
e:\c++ learning code\oj_practice_datastruct\oj_practice_datastruct\x64\debug\创建rb树.obj.enc
e:\c++ learning code\oj_practice_datastruct\oj_practice_datastruct\x64\debug\是否短路.obj.enc
e:\c++ learning code\oj_practice_datastruct\oj_practice_datastruct\x64\debug\村庄是否联通.obj.enc
e:\c++ learning code\oj_practice_datastruct\oj_practice_datastruct\x64\debug\求整数最大间隔-性能.obj.enc
e:\c++ learning code\oj_practice_datastruct\oj_practice_datastruct\x64\debug\符号配对.obj.enc
e:\c++ learning code\oj_practice_datastruct\oj_practice_datastruct\x64\debug\表达式求值.obj.enc
e:\c++ learning code\oj_practice_datastruct\oj_practice_datastruct\x64\debug\oj_pract.aa5db799.tlog\cl.command.1.tlog
e:\c++ learning code\oj_practice_datastruct\oj_practice_datastruct\x64\debug\oj_pract.aa5db799.tlog\cl.items.tlog
e:\c++ learning code\oj_practice_datastruct\oj_practice_datastruct\x64\debug\oj_pract.aa5db799.tlog\cl.read.1.tlog
e:\c++ learning code\oj_practice_datastruct\oj_practice_datastruct\x64\debug\oj_pract.aa5db799.tlog\cl.write.1.tlog
e:\c++ learning code\oj_practice_datastruct\oj_practice_datastruct\x64\debug\oj_pract.aa5db799.tlog\link.command.1.tlog
e:\c++ learning code\oj_practice_datastruct\oj_practice_datastruct\x64\debug\oj_pract.aa5db799.tlog\link.read.1.tlog
e:\c++ learning code\oj_practice_datastruct\oj_practice_datastruct\x64\debug\oj_pract.aa5db799.tlog\link.write.1.tlog
e:\c++ learning code\oj_practice_datastruct\oj_practice_datastruct\x64\debug\oj_pract.aa5db799.tlog\link.write.2u.tlog
