  6_散列_最大间隔.cpp
  6_树_二叉树的遍历_先中后层序遍历(非递归).cpp
  完全二叉树的先序遍历.cpp
  散列表的应用.cpp
  是否短路.cpp
  7_图_相关算法_Fleury算法判断欧拉图.cpp
  7_图_相关算法_Hierholzer算法判断欧拉图.cpp
  8_查找_顺序查找和折半查找_分块查找.cpp
  8_查找_顺序查找和折半查找_折半查找.cpp
  8_查找_顺序查找和折半查找_顺序查找.cpp
  6_树_搜索树_RBTree.cpp
  5_矩阵_矩阵的压缩存储_三对角矩阵.cpp
  5_矩阵_矩阵的压缩存储_三角矩阵.cpp
  5_矩阵_矩阵的压缩存储_对称矩阵.cpp
  5_矩阵_矩阵的压缩存储_对角矩阵.cpp
  5_矩阵_自定义矩阵（一维、二维）.cpp
  6_树_二叉树的遍历_先中后层序遍历.cpp
  1_线性表_顺序表.cpp
E:\C++ Learning code\OJ_Practice_DataStruct\OJ_Practice_DataStruct\1_线性表_顺序表.cpp(1,1): warning C4828: 文件包含在偏移 0x14 处开始的字符，该字符在当前源字符集中无效(代码页 936)。
  3_队列_顺序队列.cpp
E:\C++ Learning code\OJ_Practice_DataStruct\OJ_Practice_DataStruct\3_队列_顺序队列.cpp(1,1): warning C4828: 文件包含在偏移 0x25 处开始的字符，该字符在当前源字符集中无效(代码页 936)。
  2_栈_顺序栈.cpp
E:\C++ Learning code\OJ_Practice_DataStruct\OJ_Practice_DataStruct\2_栈_顺序栈.cpp(1,1): warning C4828: 文件包含在偏移 0x1c 处开始的字符，该字符在当前源字符集中无效(代码页 936)。
  正在运行 C/C++ 代码分析...
  正在生成代码...
  OJ_Practice_DataStruct.vcxproj -> E:\C++ Learning code\OJ_Practice_DataStruct\x64\Debug\OJ_Practice_DataStruct.exe
